------------------------------
Tue Jan 09 2018 6:20:17 PM
"GET" "/guestbook.html"
HEADERS=> {
  "host": "localhost:9000",
  "connection": "keep-alive",
  "cache-control": "max-age=0",
  "user-agent": "Mozilla/5.0 (Macintosh; Intel Mac OS X 10_12_6) AppleWebKit/537.36 (KHTML, like Gecko) Chrome/63.0.3239.132 Safari/537.36",
  "upgrade-insecure-requests": "1",
  "accept": "text/html,application/xhtml+xml,application/xml;q=0.9,image/webp,image/apng,*/*;q=0.8",
  "referer": "http://localhost:9000/guestbook.html",
  "accept-encoding": "gzip, deflate, br",
  "accept-language": "en-US,en;q=0.9",
  "cookie": "logInFailed=true; sessionid=1515502115905"
}
COOKIES=> {
  "logInFailed": "true",
  "sessionid": "1515502115905"
}
BODY=> {}
------------------------------
Tue Jan 09 2018 6:20:17 PM
"GET" "/comments.html"
HEADERS=> {
  "host": "localhost:9000",
  "connection": "keep-alive",
  "upgrade-insecure-requests": "1",
  "user-agent": "Mozilla/5.0 (Macintosh; Intel Mac OS X 10_12_6) AppleWebKit/537.36 (KHTML, like Gecko) Chrome/63.0.3239.132 Safari/537.36",
  "accept": "text/html,application/xhtml+xml,application/xml;q=0.9,image/webp,image/apng,*/*;q=0.8",
  "referer": "http://localhost:9000/guestbook.html",
  "accept-encoding": "gzip, deflate, br",
  "accept-language": "en-US,en;q=0.9",
  "cookie": "logInFailed=true; sessionid=1515502115905"
}
COOKIES=> {
  "logInFailed": "true",
  "sessionid": "1515502115905"
}
BODY=> {}
------------------------------
Tue Jan 09 2018 6:20:17 PM
"GET" "/images/freshorigins.jpg"
HEADERS=> {
  "host": "localhost:9000",
  "connection": "keep-alive",
  "pragma": "no-cache",
  "cache-control": "no-cache",
  "user-agent": "Mozilla/5.0 (Macintosh; Intel Mac OS X 10_12_6) AppleWebKit/537.36 (KHTML, like Gecko) Chrome/63.0.3239.132 Safari/537.36",
  "accept": "image/webp,image/apng,image/*,*/*;q=0.8",
  "referer": "http://localhost:9000/guestbook.html",
  "accept-encoding": "gzip, deflate, br",
  "accept-language": "en-US,en;q=0.9",
  "cookie": "logInFailed=true; sessionid=1515502115905"
}
COOKIES=> {
  "logInFailed": "true",
  "sessionid": "1515502115905"
}
BODY=> {}
------------------------------
Tue Jan 09 2018 6:20:54 PM
"GET" "/guestbook.html"
HEADERS=> {
  "host": "localhost:9000",
  "connection": "keep-alive",
  "cache-control": "max-age=0",
  "user-agent": "Mozilla/5.0 (Macintosh; Intel Mac OS X 10_12_6) AppleWebKit/537.36 (KHTML, like Gecko) Chrome/63.0.3239.132 Safari/537.36",
  "upgrade-insecure-requests": "1",
  "accept": "text/html,application/xhtml+xml,application/xml;q=0.9,image/webp,image/apng,*/*;q=0.8",
  "referer": "http://localhost:9000/guestbook.html",
  "accept-encoding": "gzip, deflate, br",
  "accept-language": "en-US,en;q=0.9",
  "cookie": "logInFailed=true; sessionid=1515502115905"
}
COOKIES=> {
  "logInFailed": "true",
  "sessionid": "1515502115905"
}
BODY=> {}
------------------------------
Tue Jan 09 2018 6:20:54 PM
"GET" "/comments.html"
HEADERS=> {
  "host": "localhost:9000",
  "connection": "keep-alive",
  "upgrade-insecure-requests": "1",
  "user-agent": "Mozilla/5.0 (Macintosh; Intel Mac OS X 10_12_6) AppleWebKit/537.36 (KHTML, like Gecko) Chrome/63.0.3239.132 Safari/537.36",
  "accept": "text/html,application/xhtml+xml,application/xml;q=0.9,image/webp,image/apng,*/*;q=0.8",
  "referer": "http://localhost:9000/guestbook.html",
  "accept-encoding": "gzip, deflate, br",
  "accept-language": "en-US,en;q=0.9",
  "cookie": "logInFailed=true; sessionid=1515502115905"
}
COOKIES=> {
  "logInFailed": "true",
  "sessionid": "1515502115905"
}
BODY=> {}
------------------------------
Tue Jan 09 2018 6:20:54 PM
"GET" "/images/freshorigins.jpg"
HEADERS=> {
  "host": "localhost:9000",
  "connection": "keep-alive",
  "pragma": "no-cache",
  "cache-control": "no-cache",
  "user-agent": "Mozilla/5.0 (Macintosh; Intel Mac OS X 10_12_6) AppleWebKit/537.36 (KHTML, like Gecko) Chrome/63.0.3239.132 Safari/537.36",
  "accept": "image/webp,image/apng,image/*,*/*;q=0.8",
  "referer": "http://localhost:9000/guestbook.html",
  "accept-encoding": "gzip, deflate, br",
  "accept-language": "en-US,en;q=0.9",
  "cookie": "logInFailed=true; sessionid=1515502115905"
}
COOKIES=> {
  "logInFailed": "true",
  "sessionid": "1515502115905"
}
BODY=> {}
------------------------------
Tue Jan 09 2018 6:21:09 PM
"GET" "/guestbook.html"
HEADERS=> {
  "host": "localhost:9000",
  "connection": "keep-alive",
  "cache-control": "max-age=0",
  "user-agent": "Mozilla/5.0 (Macintosh; Intel Mac OS X 10_12_6) AppleWebKit/537.36 (KHTML, like Gecko) Chrome/63.0.3239.132 Safari/537.36",
  "upgrade-insecure-requests": "1",
  "accept": "text/html,application/xhtml+xml,application/xml;q=0.9,image/webp,image/apng,*/*;q=0.8",
  "referer": "http://localhost:9000/guestbook.html",
  "accept-encoding": "gzip, deflate, br",
  "accept-language": "en-US,en;q=0.9",
  "cookie": "logInFailed=true; sessionid=1515502115905"
}
COOKIES=> {
  "logInFailed": "true",
  "sessionid": "1515502115905"
}
BODY=> {}
------------------------------
Tue Jan 09 2018 6:21:09 PM
"GET" "/comments.html"
HEADERS=> {
  "host": "localhost:9000",
  "connection": "keep-alive",
  "upgrade-insecure-requests": "1",
  "user-agent": "Mozilla/5.0 (Macintosh; Intel Mac OS X 10_12_6) AppleWebKit/537.36 (KHTML, like Gecko) Chrome/63.0.3239.132 Safari/537.36",
  "accept": "text/html,application/xhtml+xml,application/xml;q=0.9,image/webp,image/apng,*/*;q=0.8",
  "referer": "http://localhost:9000/guestbook.html",
  "accept-encoding": "gzip, deflate, br",
  "accept-language": "en-US,en;q=0.9",
  "cookie": "logInFailed=true; sessionid=1515502115905"
}
COOKIES=> {
  "logInFailed": "true",
  "sessionid": "1515502115905"
}
BODY=> {}
------------------------------
Tue Jan 09 2018 6:21:09 PM
"GET" "/images/freshorigins.jpg"
HEADERS=> {
  "host": "localhost:9000",
  "connection": "keep-alive",
  "pragma": "no-cache",
  "cache-control": "no-cache",
  "user-agent": "Mozilla/5.0 (Macintosh; Intel Mac OS X 10_12_6) AppleWebKit/537.36 (KHTML, like Gecko) Chrome/63.0.3239.132 Safari/537.36",
  "accept": "image/webp,image/apng,image/*,*/*;q=0.8",
  "referer": "http://localhost:9000/guestbook.html",
  "accept-encoding": "gzip, deflate, br",
  "accept-language": "en-US,en;q=0.9",
  "cookie": "logInFailed=true; sessionid=1515502115905"
}
COOKIES=> {
  "logInFailed": "true",
  "sessionid": "1515502115905"
}
BODY=> {}
------------------------------
Tue Jan 09 2018 6:21:11 PM
"GET" "/guestbook.html"
HEADERS=> {
  "host": "localhost:9000",
  "connection": "keep-alive",
  "cache-control": "max-age=0",
  "user-agent": "Mozilla/5.0 (Macintosh; Intel Mac OS X 10_12_6) AppleWebKit/537.36 (KHTML, like Gecko) Chrome/63.0.3239.132 Safari/537.36",
  "upgrade-insecure-requests": "1",
  "accept": "text/html,application/xhtml+xml,application/xml;q=0.9,image/webp,image/apng,*/*;q=0.8",
  "referer": "http://localhost:9000/guestbook.html",
  "accept-encoding": "gzip, deflate, br",
  "accept-language": "en-US,en;q=0.9",
  "cookie": "logInFailed=true; sessionid=1515502115905"
}
COOKIES=> {
  "logInFailed": "true",
  "sessionid": "1515502115905"
}
BODY=> {}
------------------------------
Tue Jan 09 2018 6:21:11 PM
"GET" "/comments.html"
HEADERS=> {
  "host": "localhost:9000",
  "connection": "keep-alive",
  "upgrade-insecure-requests": "1",
  "user-agent": "Mozilla/5.0 (Macintosh; Intel Mac OS X 10_12_6) AppleWebKit/537.36 (KHTML, like Gecko) Chrome/63.0.3239.132 Safari/537.36",
  "accept": "text/html,application/xhtml+xml,application/xml;q=0.9,image/webp,image/apng,*/*;q=0.8",
  "referer": "http://localhost:9000/guestbook.html",
  "accept-encoding": "gzip, deflate, br",
  "accept-language": "en-US,en;q=0.9",
  "cookie": "logInFailed=true; sessionid=1515502115905"
}
COOKIES=> {
  "logInFailed": "true",
  "sessionid": "1515502115905"
}
BODY=> {}
------------------------------
Tue Jan 09 2018 6:21:11 PM
"GET" "/images/freshorigins.jpg"
HEADERS=> {
  "host": "localhost:9000",
  "connection": "keep-alive",
  "pragma": "no-cache",
  "cache-control": "no-cache",
  "user-agent": "Mozilla/5.0 (Macintosh; Intel Mac OS X 10_12_6) AppleWebKit/537.36 (KHTML, like Gecko) Chrome/63.0.3239.132 Safari/537.36",
  "accept": "image/webp,image/apng,image/*,*/*;q=0.8",
  "referer": "http://localhost:9000/guestbook.html",
  "accept-encoding": "gzip, deflate, br",
  "accept-language": "en-US,en;q=0.9",
  "cookie": "logInFailed=true; sessionid=1515502115905"
}
COOKIES=> {
  "logInFailed": "true",
  "sessionid": "1515502115905"
}
BODY=> {}
------------------------------
Tue Jan 09 2018 6:21:11 PM
"GET" "/guestbook.html"
HEADERS=> {
  "host": "localhost:9000",
  "connection": "keep-alive",
  "cache-control": "max-age=0",
  "user-agent": "Mozilla/5.0 (Macintosh; Intel Mac OS X 10_12_6) AppleWebKit/537.36 (KHTML, like Gecko) Chrome/63.0.3239.132 Safari/537.36",
  "upgrade-insecure-requests": "1",
  "accept": "text/html,application/xhtml+xml,application/xml;q=0.9,image/webp,image/apng,*/*;q=0.8",
  "referer": "http://localhost:9000/guestbook.html",
  "accept-encoding": "gzip, deflate, br",
  "accept-language": "en-US,en;q=0.9",
  "cookie": "logInFailed=true; sessionid=1515502115905"
}
COOKIES=> {
  "logInFailed": "true",
  "sessionid": "1515502115905"
}
BODY=> {}
------------------------------
Tue Jan 09 2018 6:21:11 PM
"GET" "/comments.html"
HEADERS=> {
  "host": "localhost:9000",
  "connection": "keep-alive",
  "upgrade-insecure-requests": "1",
  "user-agent": "Mozilla/5.0 (Macintosh; Intel Mac OS X 10_12_6) AppleWebKit/537.36 (KHTML, like Gecko) Chrome/63.0.3239.132 Safari/537.36",
  "accept": "text/html,application/xhtml+xml,application/xml;q=0.9,image/webp,image/apng,*/*;q=0.8",
  "referer": "http://localhost:9000/guestbook.html",
  "accept-encoding": "gzip, deflate, br",
  "accept-language": "en-US,en;q=0.9",
  "cookie": "logInFailed=true; sessionid=1515502115905"
}
COOKIES=> {
  "logInFailed": "true",
  "sessionid": "1515502115905"
}
BODY=> {}
------------------------------
Tue Jan 09 2018 6:21:11 PM
"GET" "/images/freshorigins.jpg"
HEADERS=> {
  "host": "localhost:9000",
  "connection": "keep-alive",
  "pragma": "no-cache",
  "cache-control": "no-cache",
  "user-agent": "Mozilla/5.0 (Macintosh; Intel Mac OS X 10_12_6) AppleWebKit/537.36 (KHTML, like Gecko) Chrome/63.0.3239.132 Safari/537.36",
  "accept": "image/webp,image/apng,image/*,*/*;q=0.8",
  "referer": "http://localhost:9000/guestbook.html",
  "accept-encoding": "gzip, deflate, br",
  "accept-language": "en-US,en;q=0.9",
  "cookie": "logInFailed=true; sessionid=1515502115905"
}
COOKIES=> {
  "logInFailed": "true",
  "sessionid": "1515502115905"
}
BODY=> {}
------------------------------
Tue Jan 09 2018 6:21:11 PM
"GET" "/guestbook.html"
HEADERS=> {
  "host": "localhost:9000",
  "connection": "keep-alive",
  "cache-control": "max-age=0",
  "user-agent": "Mozilla/5.0 (Macintosh; Intel Mac OS X 10_12_6) AppleWebKit/537.36 (KHTML, like Gecko) Chrome/63.0.3239.132 Safari/537.36",
  "upgrade-insecure-requests": "1",
  "accept": "text/html,application/xhtml+xml,application/xml;q=0.9,image/webp,image/apng,*/*;q=0.8",
  "referer": "http://localhost:9000/guestbook.html",
  "accept-encoding": "gzip, deflate, br",
  "accept-language": "en-US,en;q=0.9",
  "cookie": "logInFailed=true; sessionid=1515502115905"
}
COOKIES=> {
  "logInFailed": "true",
  "sessionid": "1515502115905"
}
BODY=> {}
------------------------------
Tue Jan 09 2018 6:21:11 PM
"GET" "/comments.html"
HEADERS=> {
  "host": "localhost:9000",
  "connection": "keep-alive",
  "upgrade-insecure-requests": "1",
  "user-agent": "Mozilla/5.0 (Macintosh; Intel Mac OS X 10_12_6) AppleWebKit/537.36 (KHTML, like Gecko) Chrome/63.0.3239.132 Safari/537.36",
  "accept": "text/html,application/xhtml+xml,application/xml;q=0.9,image/webp,image/apng,*/*;q=0.8",
  "referer": "http://localhost:9000/guestbook.html",
  "accept-encoding": "gzip, deflate, br",
  "accept-language": "en-US,en;q=0.9",
  "cookie": "logInFailed=true; sessionid=1515502115905"
}
COOKIES=> {
  "logInFailed": "true",
  "sessionid": "1515502115905"
}
BODY=> {}
------------------------------
Tue Jan 09 2018 6:21:11 PM
"GET" "/images/freshorigins.jpg"
HEADERS=> {
  "host": "localhost:9000",
  "connection": "keep-alive",
  "pragma": "no-cache",
  "cache-control": "no-cache",
  "user-agent": "Mozilla/5.0 (Macintosh; Intel Mac OS X 10_12_6) AppleWebKit/537.36 (KHTML, like Gecko) Chrome/63.0.3239.132 Safari/537.36",
  "accept": "image/webp,image/apng,image/*,*/*;q=0.8",
  "referer": "http://localhost:9000/guestbook.html",
  "accept-encoding": "gzip, deflate, br",
  "accept-language": "en-US,en;q=0.9",
  "cookie": "logInFailed=true; sessionid=1515502115905"
}
COOKIES=> {
  "logInFailed": "true",
  "sessionid": "1515502115905"
}
BODY=> {}
------------------------------
Tue Jan 09 2018 6:21:12 PM
"GET" "/guestbook.html"
HEADERS=> {
  "host": "localhost:9000",
  "connection": "keep-alive",
  "cache-control": "max-age=0",
  "user-agent": "Mozilla/5.0 (Macintosh; Intel Mac OS X 10_12_6) AppleWebKit/537.36 (KHTML, like Gecko) Chrome/63.0.3239.132 Safari/537.36",
  "upgrade-insecure-requests": "1",
  "accept": "text/html,application/xhtml+xml,application/xml;q=0.9,image/webp,image/apng,*/*;q=0.8",
  "referer": "http://localhost:9000/guestbook.html",
  "accept-encoding": "gzip, deflate, br",
  "accept-language": "en-US,en;q=0.9",
  "cookie": "logInFailed=true; sessionid=1515502115905"
}
COOKIES=> {
  "logInFailed": "true",
  "sessionid": "1515502115905"
}
BODY=> {}
------------------------------
Tue Jan 09 2018 6:21:12 PM
"GET" "/comments.html"
HEADERS=> {
  "host": "localhost:9000",
  "connection": "keep-alive",
  "upgrade-insecure-requests": "1",
  "user-agent": "Mozilla/5.0 (Macintosh; Intel Mac OS X 10_12_6) AppleWebKit/537.36 (KHTML, like Gecko) Chrome/63.0.3239.132 Safari/537.36",
  "accept": "text/html,application/xhtml+xml,application/xml;q=0.9,image/webp,image/apng,*/*;q=0.8",
  "referer": "http://localhost:9000/guestbook.html",
  "accept-encoding": "gzip, deflate, br",
  "accept-language": "en-US,en;q=0.9",
  "cookie": "logInFailed=true; sessionid=1515502115905"
}
COOKIES=> {
  "logInFailed": "true",
  "sessionid": "1515502115905"
}
BODY=> {}
------------------------------
Tue Jan 09 2018 6:21:12 PM
"GET" "/images/freshorigins.jpg"
HEADERS=> {
  "host": "localhost:9000",
  "connection": "keep-alive",
  "pragma": "no-cache",
  "cache-control": "no-cache",
  "user-agent": "Mozilla/5.0 (Macintosh; Intel Mac OS X 10_12_6) AppleWebKit/537.36 (KHTML, like Gecko) Chrome/63.0.3239.132 Safari/537.36",
  "accept": "image/webp,image/apng,image/*,*/*;q=0.8",
  "referer": "http://localhost:9000/guestbook.html",
  "accept-encoding": "gzip, deflate, br",
  "accept-language": "en-US,en;q=0.9",
  "cookie": "logInFailed=true; sessionid=1515502115905"
}
COOKIES=> {
  "logInFailed": "true",
  "sessionid": "1515502115905"
}
BODY=> {}
------------------------------
Tue Jan 09 2018 6:21:12 PM
"GET" "/guestbook.html"
HEADERS=> {
  "host": "localhost:9000",
  "connection": "keep-alive",
  "cache-control": "max-age=0",
  "user-agent": "Mozilla/5.0 (Macintosh; Intel Mac OS X 10_12_6) AppleWebKit/537.36 (KHTML, like Gecko) Chrome/63.0.3239.132 Safari/537.36",
  "upgrade-insecure-requests": "1",
  "accept": "text/html,application/xhtml+xml,application/xml;q=0.9,image/webp,image/apng,*/*;q=0.8",
  "referer": "http://localhost:9000/guestbook.html",
  "accept-encoding": "gzip, deflate, br",
  "accept-language": "en-US,en;q=0.9",
  "cookie": "logInFailed=true; sessionid=1515502115905"
}
COOKIES=> {
  "logInFailed": "true",
  "sessionid": "1515502115905"
}
BODY=> {}
------------------------------
Tue Jan 09 2018 6:21:12 PM
"GET" "/comments.html"
HEADERS=> {
  "host": "localhost:9000",
  "connection": "keep-alive",
  "upgrade-insecure-requests": "1",
  "user-agent": "Mozilla/5.0 (Macintosh; Intel Mac OS X 10_12_6) AppleWebKit/537.36 (KHTML, like Gecko) Chrome/63.0.3239.132 Safari/537.36",
  "accept": "text/html,application/xhtml+xml,application/xml;q=0.9,image/webp,image/apng,*/*;q=0.8",
  "referer": "http://localhost:9000/guestbook.html",
  "accept-encoding": "gzip, deflate, br",
  "accept-language": "en-US,en;q=0.9",
  "cookie": "logInFailed=true; sessionid=1515502115905"
}
COOKIES=> {
  "logInFailed": "true",
  "sessionid": "1515502115905"
}
BODY=> {}
------------------------------
Tue Jan 09 2018 6:21:12 PM
"GET" "/images/freshorigins.jpg"
HEADERS=> {
  "host": "localhost:9000",
  "connection": "keep-alive",
  "pragma": "no-cache",
  "cache-control": "no-cache",
  "user-agent": "Mozilla/5.0 (Macintosh; Intel Mac OS X 10_12_6) AppleWebKit/537.36 (KHTML, like Gecko) Chrome/63.0.3239.132 Safari/537.36",
  "accept": "image/webp,image/apng,image/*,*/*;q=0.8",
  "referer": "http://localhost:9000/guestbook.html",
  "accept-encoding": "gzip, deflate, br",
  "accept-language": "en-US,en;q=0.9",
  "cookie": "logInFailed=true; sessionid=1515502115905"
}
COOKIES=> {
  "logInFailed": "true",
  "sessionid": "1515502115905"
}
BODY=> {}
------------------------------
Tue Jan 09 2018 6:21:54 PM
"GET" "/guestbook.html"
HEADERS=> {
  "host": "localhost:9000",
  "connection": "keep-alive",
  "cache-control": "max-age=0",
  "user-agent": "Mozilla/5.0 (Macintosh; Intel Mac OS X 10_12_6) AppleWebKit/537.36 (KHTML, like Gecko) Chrome/63.0.3239.132 Safari/537.36",
  "upgrade-insecure-requests": "1",
  "accept": "text/html,application/xhtml+xml,application/xml;q=0.9,image/webp,image/apng,*/*;q=0.8",
  "referer": "http://localhost:9000/guestbook.html",
  "accept-encoding": "gzip, deflate, br",
  "accept-language": "en-US,en;q=0.9",
  "cookie": "logInFailed=true; sessionid=1515502115905"
}
COOKIES=> {
  "logInFailed": "true",
  "sessionid": "1515502115905"
}
BODY=> {}
------------------------------
Tue Jan 09 2018 6:21:54 PM
"GET" "/comments.html"
HEADERS=> {
  "host": "localhost:9000",
  "connection": "keep-alive",
  "upgrade-insecure-requests": "1",
  "user-agent": "Mozilla/5.0 (Macintosh; Intel Mac OS X 10_12_6) AppleWebKit/537.36 (KHTML, like Gecko) Chrome/63.0.3239.132 Safari/537.36",
  "accept": "text/html,application/xhtml+xml,application/xml;q=0.9,image/webp,image/apng,*/*;q=0.8",
  "referer": "http://localhost:9000/guestbook.html",
  "accept-encoding": "gzip, deflate, br",
  "accept-language": "en-US,en;q=0.9",
  "cookie": "logInFailed=true; sessionid=1515502115905"
}
COOKIES=> {
  "logInFailed": "true",
  "sessionid": "1515502115905"
}
BODY=> {}
------------------------------
Tue Jan 09 2018 6:21:54 PM
"GET" "/images/freshorigins.jpg"
HEADERS=> {
  "host": "localhost:9000",
  "connection": "keep-alive",
  "pragma": "no-cache",
  "cache-control": "no-cache",
  "user-agent": "Mozilla/5.0 (Macintosh; Intel Mac OS X 10_12_6) AppleWebKit/537.36 (KHTML, like Gecko) Chrome/63.0.3239.132 Safari/537.36",
  "accept": "image/webp,image/apng,image/*,*/*;q=0.8",
  "referer": "http://localhost:9000/guestbook.html",
  "accept-encoding": "gzip, deflate, br",
  "accept-language": "en-US,en;q=0.9",
  "cookie": "logInFailed=true; sessionid=1515502115905"
}
COOKIES=> {
  "logInFailed": "true",
  "sessionid": "1515502115905"
}
BODY=> {}
------------------------------
Tue Jan 09 2018 6:22:07 PM
"POST" "/submit"
HEADERS=> {
  "host": "localhost:9000",
  "connection": "keep-alive",
  "content-length": "27",
  "cache-control": "max-age=0",
  "origin": "http://localhost:9000",
  "upgrade-insecure-requests": "1",
  "content-type": "application/x-www-form-urlencoded",
  "user-agent": "Mozilla/5.0 (Macintosh; Intel Mac OS X 10_12_6) AppleWebKit/537.36 (KHTML, like Gecko) Chrome/63.0.3239.132 Safari/537.36",
  "accept": "text/html,application/xhtml+xml,application/xml;q=0.9,image/webp,image/apng,*/*;q=0.8",
  "referer": "http://localhost:9000/guestbook.html",
  "accept-encoding": "gzip, deflate, br",
  "accept-language": "en-US,en;q=0.9",
  "cookie": "logInFailed=true; sessionid=1515502115905"
}
COOKIES=> {
  "logInFailed": "true",
  "sessionid": "1515502115905"
}
BODY=> {
  "USERNAME": "pavani",
  "COMMENT": "asd"
}
------------------------------
Tue Jan 09 2018 6:22:07 PM
"GET" "/guestbook.html"
HEADERS=> {
  "host": "localhost:9000",
  "connection": "keep-alive",
  "cache-control": "max-age=0",
  "upgrade-insecure-requests": "1",
  "user-agent": "Mozilla/5.0 (Macintosh; Intel Mac OS X 10_12_6) AppleWebKit/537.36 (KHTML, like Gecko) Chrome/63.0.3239.132 Safari/537.36",
  "accept": "text/html,application/xhtml+xml,application/xml;q=0.9,image/webp,image/apng,*/*;q=0.8",
  "referer": "http://localhost:9000/guestbook.html",
  "accept-encoding": "gzip, deflate, br",
  "accept-language": "en-US,en;q=0.9",
  "cookie": "logInFailed=true; sessionid=1515502327246"
}
COOKIES=> {
  "logInFailed": "true",
  "sessionid": "1515502327246"
}
BODY=> {}
------------------------------
Tue Jan 09 2018 6:22:07 PM
"GET" "/comments.html"
HEADERS=> {
  "host": "localhost:9000",
  "connection": "keep-alive",
  "upgrade-insecure-requests": "1",
  "user-agent": "Mozilla/5.0 (Macintosh; Intel Mac OS X 10_12_6) AppleWebKit/537.36 (KHTML, like Gecko) Chrome/63.0.3239.132 Safari/537.36",
  "accept": "text/html,application/xhtml+xml,application/xml;q=0.9,image/webp,image/apng,*/*;q=0.8",
  "referer": "http://localhost:9000/guestbook.html",
  "accept-encoding": "gzip, deflate, br",
  "accept-language": "en-US,en;q=0.9",
  "cookie": "logInFailed=true; sessionid=1515502327246"
}
COOKIES=> {
  "logInFailed": "true",
  "sessionid": "1515502327246"
}
BODY=> {}
